android/app/build/intermediates/manifest_merge_blame_file/debug/processDebugMainManifest/manifest-merger-blame-debug-report.txt
1<?xml version="1.0" encoding="utf-8"?>
2<manifest xmlns:android="http://schemas.android.com/apk/res/android"
3    package="com.structural.master"
4    android:versionCode="1"
5    android:versionName="1.0" >
6
7    <uses-sdk
8        android:minSdkVersion="24"
9        android:targetSdkVersion="36" />
10
11    <!-- Permissions -->
12    <uses-permission android:name="android.permission.INTERNET" />
12-->src/main/AndroidManifest.xml:42:5-67
12-->src/main/AndroidManifest.xml:42:22-64
13    <uses-permission
13-->src/main/AndroidManifest.xml:43:5-44:38
14        android:name="android.permission.READ_EXTERNAL_STORAGE"
14-->src/main/AndroidManifest.xml:43:22-77
15        android:maxSdkVersion="32" />
15-->src/main/AndroidManifest.xml:44:9-35
16    <uses-permission
16-->src/main/AndroidManifest.xml:45:5-46:38
17        android:name="android.permission.WRITE_EXTERNAL_STORAGE"
17-->src/main/AndroidManifest.xml:45:22-78
18        android:maxSdkVersion="29" />
18-->src/main/AndroidManifest.xml:46:9-35
19
20    <permission
20-->[androidx.core:core:1.17.0] AndroidManifest.xml:22:5-24:47
21        android:name="com.structural.master.DYNAMIC_RECEIVER_NOT_EXPORTED_PERMISSION"
21-->[androidx.core:core:1.17.0] AndroidManifest.xml:23:9-81
22        android:protectionLevel="signature" />
22-->[androidx.core:core:1.17.0] AndroidManifest.xml:24:9-44
23
24    <uses-permission android:name="com.structural.master.DYNAMIC_RECEIVER_NOT_EXPORTED_PERMISSION" />
24-->[androidx.core:core:1.17.0] AndroidManifest.xml:26:5-97
24-->[androidx.core:core:1.17.0] AndroidManifest.xml:26:22-94
25
26    <application
26-->src/main/AndroidManifest.xml:4:5-39:19
27        android:allowBackup="true"
27-->src/main/AndroidManifest.xml:5:9-35
28        android:appComponentFactory="androidx.core.app.CoreComponentFactory"
28-->[androidx.core:core:1.17.0] AndroidManifest.xml:28:18-86
29        android:debuggable="true"
30        android:extractNativeLibs="false"
31        android:hardwareAccelerated="true"
31-->src/main/AndroidManifest.xml:12:9-43
32        android:icon="@mipmap/ic_launcher"
32-->src/main/AndroidManifest.xml:6:9-43
33        android:label="@string/app_name"
33-->src/main/AndroidManifest.xml:7:9-41
34        android:requestLegacyExternalStorage="true"
34-->src/main/AndroidManifest.xml:11:9-52
35        android:roundIcon="@mipmap/ic_launcher_round"
35-->src/main/AndroidManifest.xml:8:9-54
36        android:supportsRtl="true"
36-->src/main/AndroidManifest.xml:9:9-35
37        android:theme="@style/AppTheme" >
37-->src/main/AndroidManifest.xml:10:9-40
38        <activity
38-->src/main/AndroidManifest.xml:14:9-28:20
39            android:name="com.structural.master.MainActivity"
39-->src/main/AndroidManifest.xml:16:13-41
40            android:configChanges="orientation|keyboardHidden|keyboard|screenSize|locale|smallestScreenSize|screenLayout|uiMode|navigation|density"
40-->src/main/AndroidManifest.xml:15:13-148
41            android:exported="true"
41-->src/main/AndroidManifest.xml:20:13-36
42            android:label="@string/title_activity_main"
42-->src/main/AndroidManifest.xml:17:13-56
43            android:launchMode="singleTask"
43-->src/main/AndroidManifest.xml:19:13-44
44            android:theme="@style/AppTheme.NoActionBarLaunch"
44-->src/main/AndroidManifest.xml:18:13-62
45            android:windowSoftInputMode="adjustResize" >
45-->src/main/AndroidManifest.xml:21:13-55
46            <intent-filter>
46-->src/main/AndroidManifest.xml:23:13-26:29
47                <action android:name="android.intent.action.MAIN" />
47-->src/main/AndroidManifest.xml:24:17-69
47-->src/main/AndroidManifest.xml:24:25-66
48
49                <category android:name="android.intent.category.LAUNCHER" />
49-->src/main/AndroidManifest.xml:25:17-77
49-->src/main/AndroidManifest.xml:25:27-74
50            </intent-filter>
51        </activity>
52
53        <provider
54            android:name="androidx.core.content.FileProvider"
54-->src/main/AndroidManifest.xml:31:13-62
55            android:authorities="com.structural.master.fileprovider"
55-->src/main/AndroidManifest.xml:32:13-64
56            android:exported="false"
56-->src/main/AndroidManifest.xml:33:13-37
57            android:grantUriPermissions="true" >
57-->src/main/AndroidManifest.xml:34:13-47
58            <meta-data
58-->src/main/AndroidManifest.xml:35:13-37:64
59                android:name="android.support.FILE_PROVIDER_PATHS"
59-->src/main/AndroidManifest.xml:36:17-67
60                android:resource="@xml/file_paths" />
60-->src/main/AndroidManifest.xml:37:17-51
61        </provider>
62        <provider
62-->[androidx.emoji2:emoji2:1.3.0] AndroidManifest.xml:24:9-32:20
63            android:name="androidx.startup.InitializationProvider"
63-->[androidx.emoji2:emoji2:1.3.0] AndroidManifest.xml:25:13-67
64            android:authorities="com.structural.master.androidx-startup"
64-->[androidx.emoji2:emoji2:1.3.0] AndroidManifest.xml:26:13-68
65            android:exported="false" >
65-->[androidx.emoji2:emoji2:1.3.0] AndroidManifest.xml:27:13-37
66            <meta-data
66-->[androidx.emoji2:emoji2:1.3.0] AndroidManifest.xml:29:13-31:52
67                android:name="androidx.emoji2.text.EmojiCompatInitializer"
67-->[androidx.emoji2:emoji2:1.3.0] AndroidManifest.xml:30:17-75
68                android:value="androidx.startup" />
68-->[androidx.emoji2:emoji2:1.3.0] AndroidManifest.xml:31:17-49
69            <meta-data
69-->[androidx.lifecycle:lifecycle-process:2.6.2] AndroidManifest.xml:29:13-31:52
70                android:name="androidx.lifecycle.ProcessLifecycleInitializer"
70-->[androidx.lifecycle:lifecycle-process:2.6.2] AndroidManifest.xml:30:17-78
71                android:value="androidx.startup" />
71-->[androidx.lifecycle:lifecycle-process:2.6.2] AndroidManifest.xml:31:17-49
72            <meta-data
72-->[androidx.profileinstaller:profileinstaller:1.4.0] AndroidManifest.xml:29:13-31:52
73                android:name="androidx.profileinstaller.ProfileInstallerInitializer"
73-->[androidx.profileinstaller:profileinstaller:1.4.0] AndroidManifest.xml:30:17-85
74                android:value="androidx.startup" />
74-->[androidx.profileinstaller:profileinstaller:1.4.0] AndroidManifest.xml:31:17-49
75        </provider>
76
77        <receiver
77-->[androidx.profileinstaller:profileinstaller:1.4.0] AndroidManifest.xml:34:9-52:20
78            android:name="androidx.profileinstaller.ProfileInstallReceiver"
78-->[androidx.profileinstaller:profileinstaller:1.4.0] AndroidManifest.xml:35:13-76
79            android:directBootAware="false"
79-->[androidx.profileinstaller:profileinstaller:1.4.0] AndroidManifest.xml:36:13-44
80            android:enabled="true"
80-->[androidx.profileinstaller:profileinstaller:1.4.0] AndroidManifest.xml:37:13-35
81            android:exported="true"
81-->[androidx.profileinstaller:profileinstaller:1.4.0] AndroidManifest.xml:38:13-36
82            android:permission="android.permission.DUMP" >
82-->[androidx.profileinstaller:profileinstaller:1.4.0] AndroidManifest.xml:39:13-57
83            <intent-filter>
83-->[androidx.profileinstaller:profileinstaller:1.4.0] AndroidManifest.xml:40:13-42:29
84                <action android:name="androidx.profileinstaller.action.INSTALL_PROFILE" />
84-->[androidx.profileinstaller:profileinstaller:1.4.0] AndroidManifest.xml:41:17-91
84-->[androidx.profileinstaller:profileinstaller:1.4.0] AndroidManifest.xml:41:25-88
85            </intent-filter>
86            <intent-filter>
86-->[androidx.profileinstaller:profileinstaller:1.4.0] AndroidManifest.xml:43:13-45:29
87                <action android:name="androidx.profileinstaller.action.SKIP_FILE" />
87-->[androidx.profileinstaller:profileinstaller:1.4.0] AndroidManifest.xml:44:17-85
87-->[androidx.profileinstaller:profileinstaller:1.4.0] AndroidManifest.xml:44:25-82
88            </intent-filter>
89            <intent-filter>
89-->[androidx.profileinstaller:profileinstaller:1.4.0] AndroidManifest.xml:46:13-48:29
90                <action android:name="androidx.profileinstaller.action.SAVE_PROFILE" />
90-->[androidx.profileinstaller:profileinstaller:1.4.0] AndroidManifest.xml:47:17-88
90-->[androidx.profileinstaller:profileinstaller:1.4.0] AndroidManifest.xml:47:25-85
91            </intent-filter>
92            <intent-filter>
92-->[androidx.profileinstaller:profileinstaller:1.4.0] AndroidManifest.xml:49:13-51:29
93                <action android:name="androidx.profileinstaller.action.BENCHMARK_OPERATION" />
93-->[androidx.profileinstaller:profileinstaller:1.4.0] AndroidManifest.xml:50:17-95
93-->[androidx.profileinstaller:profileinstaller:1.4.0] AndroidManifest.xml:50:25-92
94            </intent-filter>
95        </receiver>
96    </application>
97
98</manifest>